<?xml version="1.0" encoding="UTF-8"?>
<testng-results ignored="0" total="1" passed="1" failed="0" skipped="0">
  <reporter-output>
  </reporter-output>
  <suite started-at="2024-03-11T15:55:24 IST" name="Suite" finished-at="2024-03-11T15:56:38 IST" duration-ms="73790">
    <groups>
    </groups>
    <test started-at="2024-03-11T15:55:24 IST" name="Test" finished-at="2024-03-11T15:56:38 IST" duration-ms="73790">
      <class name="orange_hrm.MainClass">
        <test-method is-config="true" signature="setup()[pri:0, instance:orange_hrm.MainClass@10cf09e8]" started-at="2024-03-11T15:55:24 IST" name="setup" finished-at="2024-03-11T15:55:55 IST" duration-ms="30381" status="PASS">
          <reporter-output>
          </reporter-output>
        </test-method> <!-- setup -->
        <test-method signature="verify_login()[pri:0, instance:orange_hrm.MainClass@10cf09e8]" started-at="2024-03-11T15:55:55 IST" name="verify_login" finished-at="2024-03-11T15:56:28 IST" duration-ms="33221" status="PASS">
          <reporter-output>
          </reporter-output>
        </test-method> <!-- verify_login -->
        <test-method is-config="true" signature="tearDown()[pri:0, instance:orange_hrm.MainClass@10cf09e8]" started-at="2024-03-11T15:56:28 IST" name="tearDown" finished-at="2024-03-11T15:56:38 IST" duration-ms="10136" status="PASS">
          <reporter-output>
          </reporter-output>
        </test-method> <!-- tearDown -->
      </class> <!-- orange_hrm.MainClass -->
    </test> <!-- Test -->
  </suite> <!-- Suite -->
</testng-results>
