<?xml version="1.0" encoding="UTF-8"?>
<testng-results ignored="0" total="1" passed="1" failed="0" skipped="0">
  <reporter-output>
  </reporter-output>
  <suite started-at="2024-03-11T16:24:38 IST" name="Suite" finished-at="2024-03-11T16:25:56 IST" duration-ms="78266">
    <groups>
    </groups>
    <test started-at="2024-03-11T16:24:38 IST" name="Test" finished-at="2024-03-11T16:25:56 IST" duration-ms="78266">
      <class name="orange_hrm.MainClass">
        <test-method is-config="true" signature="setup()[pri:0, instance:orange_hrm.MainClass@68702e03]" started-at="2024-03-11T16:24:38 IST" name="setup" finished-at="2024-03-11T16:25:15 IST" duration-ms="36855" status="PASS">
          <reporter-output>
          </reporter-output>
        </test-method> <!-- setup -->
        <test-method signature="verify_login()[pri:0, instance:orange_hrm.MainClass@68702e03]" started-at="2024-03-11T16:25:15 IST" name="verify_login" finished-at="2024-03-11T16:25:46 IST" duration-ms="31260" status="PASS">
          <reporter-output>
          </reporter-output>
        </test-method> <!-- verify_login -->
        <test-method is-config="true" signature="tearDown()[pri:0, instance:orange_hrm.MainClass@68702e03]" started-at="2024-03-11T16:25:46 IST" name="tearDown" finished-at="2024-03-11T16:25:56 IST" duration-ms="10110" status="PASS">
          <reporter-output>
          </reporter-output>
        </test-method> <!-- tearDown -->
      </class> <!-- orange_hrm.MainClass -->
    </test> <!-- Test -->
  </suite> <!-- Suite -->
</testng-results>
